0 info it worked if it ends with ok
1 verbose cli [ 'D:\\nodejs\\node.exe',
1 verbose cli   'D:\\nodejs\\node_modules\\npm\\bin\\npm-cli.js',
1 verbose cli   'install' ]
2 info using npm@2.14.7
3 info using node@v4.2.1
4 verbose readDependencies loading dependencies from F:\My Documents\0 Projects (Web Dev)\fccnwa\Meeting-App\package.json
5 warn package.json Meeting-App@0.0.1 No repository field.
6 warn package.json Meeting-App@0.0.1 No license field.
7 verbose install where, deps [ 'F:\\My Documents\\0 Projects (Web Dev)\\fccnwa\\Meeting-App',
7 verbose install   [ 'body-parser',
7 verbose install     'cookie-parser',
7 verbose install     'debug',
7 verbose install     'express',
7 verbose install     'jade',
7 verbose install     'meetup-api',
7 verbose install     'morgan',
7 verbose install     'request',
7 verbose install     'serve-favicon' ] ]
8 verbose install where, peers [ 'F:\\My Documents\\0 Projects (Web Dev)\\fccnwa\\Meeting-App',
8 verbose install   [] ]
9 verbose installManyTop reading for lifecycle F:\My Documents\0 Projects (Web Dev)\fccnwa\Meeting-App\package.json
10 info preinstall Meeting-App@0.0.1
11 verbose installManyTop reading scoped package data from F:\My Documents\0 Projects (Web Dev)\fccnwa\Meeting-App\node_modules\JSONStream\package.json
12 verbose installManyTop reading scoped package data from F:\My Documents\0 Projects (Web Dev)\fccnwa\Meeting-App\node_modules\acorn\package.json
13 verbose installManyTop reading scoped package data from F:\My Documents\0 Projects (Web Dev)\fccnwa\Meeting-App\node_modules\acorn-globals\package.json
14 verbose installManyTop reading scoped package data from F:\My Documents\0 Projects (Web Dev)\fccnwa\Meeting-App\node_modules\align-text\package.json
15 verbose installManyTop reading scoped package data from F:\My Documents\0 Projects (Web Dev)\fccnwa\Meeting-App\node_modules\amdefine\package.json
16 verbose installManyTop reading scoped package data from F:\My Documents\0 Projects (Web Dev)\fccnwa\Meeting-App\node_modules\ansi-regex\package.json
17 verbose installManyTop reading scoped package data from F:\My Documents\0 Projects (Web Dev)\fccnwa\Meeting-App\node_modules\ansi-styles\package.json
18 verbose installManyTop reading scoped package data from F:\My Documents\0 Projects (Web Dev)\fccnwa\Meeting-App\node_modules\asap\package.json
19 verbose installManyTop reading scoped package data from F:\My Documents\0 Projects (Web Dev)\fccnwa\Meeting-App\node_modules\asn1\package.json
20 verbose installManyTop reading scoped package data from F:\My Documents\0 Projects (Web Dev)\fccnwa\Meeting-App\node_modules\assert-plus\package.json
21 verbose installManyTop reading scoped package data from F:\My Documents\0 Projects (Web Dev)\fccnwa\Meeting-App\node_modules\async\package.json
22 verbose installManyTop reading scoped package data from F:\My Documents\0 Projects (Web Dev)\fccnwa\Meeting-App\node_modules\aws-sign2\package.json
23 verbose installManyTop reading scoped package data from F:\My Documents\0 Projects (Web Dev)\fccnwa\Meeting-App\node_modules\basic-auth\package.json
24 verbose installManyTop reading scoped package data from F:\My Documents\0 Projects (Web Dev)\fccnwa\Meeting-App\node_modules\bindings\package.json
25 verbose installManyTop reading scoped package data from F:\My Documents\0 Projects (Web Dev)\fccnwa\Meeting-App\node_modules\bl\package.json
26 verbose installManyTop reading scoped package data from F:\My Documents\0 Projects (Web Dev)\fccnwa\Meeting-App\node_modules\body-parser\package.json
27 verbose installManyTop reading scoped package data from F:\My Documents\0 Projects (Web Dev)\fccnwa\Meeting-App\node_modules\boom\package.json
28 verbose installManyTop reading scoped package data from F:\My Documents\0 Projects (Web Dev)\fccnwa\Meeting-App\node_modules\bufferutil\package.json
29 verbose installManyTop reading scoped package data from F:\My Documents\0 Projects (Web Dev)\fccnwa\Meeting-App\node_modules\bytes\package.json
30 verbose installManyTop reading scoped package data from F:\My Documents\0 Projects (Web Dev)\fccnwa\Meeting-App\node_modules\camelcase\package.json
31 verbose installManyTop reading scoped package data from F:\My Documents\0 Projects (Web Dev)\fccnwa\Meeting-App\node_modules\caseless\package.json
32 verbose installManyTop reading scoped package data from F:\My Documents\0 Projects (Web Dev)\fccnwa\Meeting-App\node_modules\center-align\package.json
33 verbose installManyTop reading scoped package data from F:\My Documents\0 Projects (Web Dev)\fccnwa\Meeting-App\node_modules\chalk\package.json
34 verbose installManyTop reading scoped package data from F:\My Documents\0 Projects (Web Dev)\fccnwa\Meeting-App\node_modules\character-parser\package.json
35 verbose installManyTop reading scoped package data from F:\My Documents\0 Projects (Web Dev)\fccnwa\Meeting-App\node_modules\clean-css\package.json
36 verbose installManyTop reading scoped package data from F:\My Documents\0 Projects (Web Dev)\fccnwa\Meeting-App\node_modules\cliui\package.json
37 verbose installManyTop reading scoped package data from F:\My Documents\0 Projects (Web Dev)\fccnwa\Meeting-App\node_modules\combined-stream\package.json
38 verbose installManyTop reading scoped package data from F:\My Documents\0 Projects (Web Dev)\fccnwa\Meeting-App\node_modules\commander\package.json
39 verbose installManyTop reading scoped package data from F:\My Documents\0 Projects (Web Dev)\fccnwa\Meeting-App\node_modules\component-emitter\package.json
40 verbose installManyTop reading scoped package data from F:\My Documents\0 Projects (Web Dev)\fccnwa\Meeting-App\node_modules\constantinople\package.json
41 verbose installManyTop reading scoped package data from F:\My Documents\0 Projects (Web Dev)\fccnwa\Meeting-App\node_modules\content-type\package.json
42 verbose installManyTop reading scoped package data from F:\My Documents\0 Projects (Web Dev)\fccnwa\Meeting-App\node_modules\cookie\package.json
43 verbose installManyTop reading scoped package data from F:\My Documents\0 Projects (Web Dev)\fccnwa\Meeting-App\node_modules\cookie-parser\package.json
44 verbose installManyTop reading scoped package data from F:\My Documents\0 Projects (Web Dev)\fccnwa\Meeting-App\node_modules\cookie-signature\package.json
45 verbose installManyTop reading scoped package data from F:\My Documents\0 Projects (Web Dev)\fccnwa\Meeting-App\node_modules\cookiejar\package.json
46 verbose installManyTop reading scoped package data from F:\My Documents\0 Projects (Web Dev)\fccnwa\Meeting-App\node_modules\core-util-is\package.json
47 verbose installManyTop reading scoped package data from F:\My Documents\0 Projects (Web Dev)\fccnwa\Meeting-App\node_modules\cryptiles\package.json
48 verbose installManyTop reading scoped package data from F:\My Documents\0 Projects (Web Dev)\fccnwa\Meeting-App\node_modules\css\package.json
49 verbose installManyTop reading scoped package data from F:\My Documents\0 Projects (Web Dev)\fccnwa\Meeting-App\node_modules\css-parse\package.json
50 verbose installManyTop reading scoped package data from F:\My Documents\0 Projects (Web Dev)\fccnwa\Meeting-App\node_modules\css-stringify\package.json
51 verbose installManyTop reading scoped package data from F:\My Documents\0 Projects (Web Dev)\fccnwa\Meeting-App\node_modules\dashdash\package.json
52 verbose installManyTop reading scoped package data from F:\My Documents\0 Projects (Web Dev)\fccnwa\Meeting-App\node_modules\debug\package.json
53 verbose installManyTop reading scoped package data from F:\My Documents\0 Projects (Web Dev)\fccnwa\Meeting-App\node_modules\decamelize\package.json
54 verbose installManyTop reading scoped package data from F:\My Documents\0 Projects (Web Dev)\fccnwa\Meeting-App\node_modules\delayed-stream\package.json
55 verbose installManyTop reading scoped package data from F:\My Documents\0 Projects (Web Dev)\fccnwa\Meeting-App\node_modules\depd\package.json
56 verbose installManyTop reading scoped package data from F:\My Documents\0 Projects (Web Dev)\fccnwa\Meeting-App\node_modules\duplexer\package.json
57 verbose installManyTop reading scoped package data from F:\My Documents\0 Projects (Web Dev)\fccnwa\Meeting-App\node_modules\duplexify\package.json
58 verbose installManyTop reading scoped package data from F:\My Documents\0 Projects (Web Dev)\fccnwa\Meeting-App\node_modules\ecc-jsbn\package.json
59 verbose installManyTop reading scoped package data from F:\My Documents\0 Projects (Web Dev)\fccnwa\Meeting-App\node_modules\ee-first\package.json
60 verbose installManyTop reading scoped package data from F:\My Documents\0 Projects (Web Dev)\fccnwa\Meeting-App\node_modules\end-of-stream\package.json
61 verbose installManyTop reading scoped package data from F:\My Documents\0 Projects (Web Dev)\fccnwa\Meeting-App\node_modules\escape-string-regexp\package.json
62 verbose installManyTop reading scoped package data from F:\My Documents\0 Projects (Web Dev)\fccnwa\Meeting-App\node_modules\etag\package.json
63 verbose installManyTop reading scoped package data from F:\My Documents\0 Projects (Web Dev)\fccnwa\Meeting-App\node_modules\event-stream\package.json
64 verbose installManyTop reading scoped package data from F:\My Documents\0 Projects (Web Dev)\fccnwa\Meeting-App\node_modules\express\package.json
65 verbose installManyTop reading scoped package data from F:\My Documents\0 Projects (Web Dev)\fccnwa\Meeting-App\node_modules\extend\package.json
66 verbose installManyTop reading scoped package data from F:\My Documents\0 Projects (Web Dev)\fccnwa\Meeting-App\node_modules\extsprintf\package.json
67 verbose installManyTop reading scoped package data from F:\My Documents\0 Projects (Web Dev)\fccnwa\Meeting-App\node_modules\forever-agent\package.json
68 verbose installManyTop reading scoped package data from F:\My Documents\0 Projects (Web Dev)\fccnwa\Meeting-App\node_modules\form-data\package.json
69 verbose installManyTop reading scoped package data from F:\My Documents\0 Projects (Web Dev)\fccnwa\Meeting-App\node_modules\formidable\package.json
70 verbose installManyTop reading scoped package data from F:\My Documents\0 Projects (Web Dev)\fccnwa\Meeting-App\node_modules\fresh\package.json
71 verbose installManyTop reading scoped package data from F:\My Documents\0 Projects (Web Dev)\fccnwa\Meeting-App\node_modules\from\package.json
72 verbose installManyTop reading scoped package data from F:\My Documents\0 Projects (Web Dev)\fccnwa\Meeting-App\node_modules\generate-function\package.json
73 verbose installManyTop reading scoped package data from F:\My Documents\0 Projects (Web Dev)\fccnwa\Meeting-App\node_modules\generate-object-property\package.json
74 verbose installManyTop reading scoped package data from F:\My Documents\0 Projects (Web Dev)\fccnwa\Meeting-App\node_modules\graceful-readlink\package.json
75 verbose installManyTop reading scoped package data from F:\My Documents\0 Projects (Web Dev)\fccnwa\Meeting-App\node_modules\har-validator\package.json
76 verbose installManyTop reading scoped package data from F:\My Documents\0 Projects (Web Dev)\fccnwa\Meeting-App\node_modules\has-ansi\package.json
77 verbose installManyTop reading scoped package data from F:\My Documents\0 Projects (Web Dev)\fccnwa\Meeting-App\node_modules\hawk\package.json
78 verbose installManyTop reading scoped package data from F:\My Documents\0 Projects (Web Dev)\fccnwa\Meeting-App\node_modules\hoek\package.json
79 verbose installManyTop reading scoped package data from F:\My Documents\0 Projects (Web Dev)\fccnwa\Meeting-App\node_modules\http-errors\package.json
80 verbose installManyTop reading scoped package data from F:\My Documents\0 Projects (Web Dev)\fccnwa\Meeting-App\node_modules\http-signature\package.json
81 verbose installManyTop reading scoped package data from F:\My Documents\0 Projects (Web Dev)\fccnwa\Meeting-App\node_modules\iconv-lite\package.json
82 verbose installManyTop reading scoped package data from F:\My Documents\0 Projects (Web Dev)\fccnwa\Meeting-App\node_modules\inherits\package.json
83 verbose installManyTop reading scoped package data from F:\My Documents\0 Projects (Web Dev)\fccnwa\Meeting-App\node_modules\is-buffer\package.json
84 verbose installManyTop reading scoped package data from F:\My Documents\0 Projects (Web Dev)\fccnwa\Meeting-App\node_modules\is-my-json-valid\package.json
85 verbose installManyTop reading scoped package data from F:\My Documents\0 Projects (Web Dev)\fccnwa\Meeting-App\node_modules\is-promise\package.json
86 verbose installManyTop reading scoped package data from F:\My Documents\0 Projects (Web Dev)\fccnwa\Meeting-App\node_modules\is-property\package.json
87 verbose installManyTop reading scoped package data from F:\My Documents\0 Projects (Web Dev)\fccnwa\Meeting-App\node_modules\is-typedarray\package.json
88 verbose installManyTop reading scoped package data from F:\My Documents\0 Projects (Web Dev)\fccnwa\Meeting-App\node_modules\isarray\package.json
89 verbose installManyTop reading scoped package data from F:\My Documents\0 Projects (Web Dev)\fccnwa\Meeting-App\node_modules\isstream\package.json
90 verbose installManyTop reading scoped package data from F:\My Documents\0 Projects (Web Dev)\fccnwa\Meeting-App\node_modules\jade\package.json
91 verbose installManyTop reading scoped package data from F:\My Documents\0 Projects (Web Dev)\fccnwa\Meeting-App\node_modules\jodid25519\package.json
92 verbose installManyTop reading scoped package data from F:\My Documents\0 Projects (Web Dev)\fccnwa\Meeting-App\node_modules\jquery\package.json
93 verbose installManyTop reading scoped package data from F:\My Documents\0 Projects (Web Dev)\fccnwa\Meeting-App\node_modules\jsbn\package.json
94 verbose installManyTop reading scoped package data from F:\My Documents\0 Projects (Web Dev)\fccnwa\Meeting-App\node_modules\json-schema\package.json
95 verbose installManyTop reading scoped package data from F:\My Documents\0 Projects (Web Dev)\fccnwa\Meeting-App\node_modules\json-stringify-safe\package.json
96 verbose installManyTop reading scoped package data from F:\My Documents\0 Projects (Web Dev)\fccnwa\Meeting-App\node_modules\jsonparse\package.json
97 verbose installManyTop reading scoped package data from F:\My Documents\0 Projects (Web Dev)\fccnwa\Meeting-App\node_modules\jsonpointer\package.json
98 verbose installManyTop reading scoped package data from F:\My Documents\0 Projects (Web Dev)\fccnwa\Meeting-App\node_modules\jsprim\package.json
99 verbose installManyTop reading scoped package data from F:\My Documents\0 Projects (Web Dev)\fccnwa\Meeting-App\node_modules\jstransformer\package.json
100 verbose installManyTop reading scoped package data from F:\My Documents\0 Projects (Web Dev)\fccnwa\Meeting-App\node_modules\kind-of\package.json
101 verbose installManyTop reading scoped package data from F:\My Documents\0 Projects (Web Dev)\fccnwa\Meeting-App\node_modules\lazy-cache\package.json
102 verbose installManyTop reading scoped package data from F:\My Documents\0 Projects (Web Dev)\fccnwa\Meeting-App\node_modules\longest\package.json
103 verbose installManyTop reading scoped package data from F:\My Documents\0 Projects (Web Dev)\fccnwa\Meeting-App\node_modules\map-stream\package.json
104 verbose installManyTop reading scoped package data from F:\My Documents\0 Projects (Web Dev)\fccnwa\Meeting-App\node_modules\media-typer\package.json
105 verbose installManyTop reading scoped package data from F:\My Documents\0 Projects (Web Dev)\fccnwa\Meeting-App\node_modules\meetup-api\package.json
106 verbose installManyTop reading scoped package data from F:\My Documents\0 Projects (Web Dev)\fccnwa\Meeting-App\node_modules\methods\package.json
107 verbose installManyTop reading scoped package data from F:\My Documents\0 Projects (Web Dev)\fccnwa\Meeting-App\node_modules\mime\package.json
108 verbose installManyTop reading scoped package data from F:\My Documents\0 Projects (Web Dev)\fccnwa\Meeting-App\node_modules\mime-db\package.json
109 verbose installManyTop reading scoped package data from F:\My Documents\0 Projects (Web Dev)\fccnwa\Meeting-App\node_modules\mime-types\package.json
110 verbose installManyTop reading scoped package data from F:\My Documents\0 Projects (Web Dev)\fccnwa\Meeting-App\node_modules\minimist\package.json
111 verbose installManyTop reading scoped package data from F:\My Documents\0 Projects (Web Dev)\fccnwa\Meeting-App\node_modules\mkdirp\package.json
112 verbose installManyTop reading scoped package data from F:\My Documents\0 Projects (Web Dev)\fccnwa\Meeting-App\node_modules\morgan\package.json
113 verbose installManyTop reading scoped package data from F:\My Documents\0 Projects (Web Dev)\fccnwa\Meeting-App\node_modules\ms\package.json
114 verbose installManyTop reading scoped package data from F:\My Documents\0 Projects (Web Dev)\fccnwa\Meeting-App\node_modules\nan\package.json
115 verbose installManyTop reading scoped package data from F:\My Documents\0 Projects (Web Dev)\fccnwa\Meeting-App\node_modules\node-uuid\package.json
116 verbose installManyTop reading scoped package data from F:\My Documents\0 Projects (Web Dev)\fccnwa\Meeting-App\node_modules\oauth\package.json
117 verbose installManyTop reading scoped package data from F:\My Documents\0 Projects (Web Dev)\fccnwa\Meeting-App\node_modules\oauth-sign\package.json
118 verbose installManyTop reading scoped package data from F:\My Documents\0 Projects (Web Dev)\fccnwa\Meeting-App\node_modules\on-finished\package.json
119 verbose installManyTop reading scoped package data from F:\My Documents\0 Projects (Web Dev)\fccnwa\Meeting-App\node_modules\on-headers\package.json
120 verbose installManyTop reading scoped package data from F:\My Documents\0 Projects (Web Dev)\fccnwa\Meeting-App\node_modules\once\package.json
121 verbose installManyTop reading scoped package data from F:\My Documents\0 Projects (Web Dev)\fccnwa\Meeting-App\node_modules\optimist\package.json
122 verbose installManyTop reading scoped package data from F:\My Documents\0 Projects (Web Dev)\fccnwa\Meeting-App\node_modules\options\package.json
123 verbose installManyTop reading scoped package data from F:\My Documents\0 Projects (Web Dev)\fccnwa\Meeting-App\node_modules\parseurl\package.json
124 verbose installManyTop reading scoped package data from F:\My Documents\0 Projects (Web Dev)\fccnwa\Meeting-App\node_modules\pause-stream\package.json
125 verbose installManyTop reading scoped package data from F:\My Documents\0 Projects (Web Dev)\fccnwa\Meeting-App\node_modules\pinkie\package.json
126 verbose installManyTop reading scoped package data from F:\My Documents\0 Projects (Web Dev)\fccnwa\Meeting-App\node_modules\pinkie-promise\package.json
127 verbose installManyTop reading scoped package data from F:\My Documents\0 Projects (Web Dev)\fccnwa\Meeting-App\node_modules\process-nextick-args\package.json
128 verbose installManyTop reading scoped package data from F:\My Documents\0 Projects (Web Dev)\fccnwa\Meeting-App\node_modules\promise\package.json
129 verbose installManyTop reading scoped package data from F:\My Documents\0 Projects (Web Dev)\fccnwa\Meeting-App\node_modules\q\package.json
130 verbose installManyTop reading scoped package data from F:\My Documents\0 Projects (Web Dev)\fccnwa\Meeting-App\node_modules\qs\package.json
131 verbose installManyTop reading scoped package data from F:\My Documents\0 Projects (Web Dev)\fccnwa\Meeting-App\node_modules\raw-body\package.json
132 verbose installManyTop reading scoped package data from F:\My Documents\0 Projects (Web Dev)\fccnwa\Meeting-App\node_modules\readable-stream\package.json
133 verbose installManyTop reading scoped package data from F:\My Documents\0 Projects (Web Dev)\fccnwa\Meeting-App\node_modules\reduce-component\package.json
134 verbose installManyTop reading scoped package data from F:\My Documents\0 Projects (Web Dev)\fccnwa\Meeting-App\node_modules\repeat-string\package.json
135 verbose installManyTop reading scoped package data from F:\My Documents\0 Projects (Web Dev)\fccnwa\Meeting-App\node_modules\request\package.json
136 verbose installManyTop reading scoped package data from F:\My Documents\0 Projects (Web Dev)\fccnwa\Meeting-App\node_modules\requestify\package.json
137 verbose installManyTop reading scoped package data from F:\My Documents\0 Projects (Web Dev)\fccnwa\Meeting-App\node_modules\right-align\package.json
138 verbose installManyTop reading scoped package data from F:\My Documents\0 Projects (Web Dev)\fccnwa\Meeting-App\node_modules\serve-favicon\package.json
139 verbose installManyTop reading scoped package data from F:\My Documents\0 Projects (Web Dev)\fccnwa\Meeting-App\node_modules\sntp\package.json
140 verbose installManyTop reading scoped package data from F:\My Documents\0 Projects (Web Dev)\fccnwa\Meeting-App\node_modules\source-map\package.json
141 verbose installManyTop reading scoped package data from F:\My Documents\0 Projects (Web Dev)\fccnwa\Meeting-App\node_modules\split\package.json
142 verbose installManyTop reading scoped package data from F:\My Documents\0 Projects (Web Dev)\fccnwa\Meeting-App\node_modules\sshpk\package.json
143 verbose installManyTop reading scoped package data from F:\My Documents\0 Projects (Web Dev)\fccnwa\Meeting-App\node_modules\statuses\package.json
144 verbose installManyTop reading scoped package data from F:\My Documents\0 Projects (Web Dev)\fccnwa\Meeting-App\node_modules\stream-combiner\package.json
145 verbose installManyTop reading scoped package data from F:\My Documents\0 Projects (Web Dev)\fccnwa\Meeting-App\node_modules\string_decoder\package.json
146 verbose installManyTop reading scoped package data from F:\My Documents\0 Projects (Web Dev)\fccnwa\Meeting-App\node_modules\stringstream\package.json
147 verbose installManyTop reading scoped package data from F:\My Documents\0 Projects (Web Dev)\fccnwa\Meeting-App\node_modules\strip-ansi\package.json
148 verbose installManyTop reading scoped package data from F:\My Documents\0 Projects (Web Dev)\fccnwa\Meeting-App\node_modules\superagent\package.json
149 verbose installManyTop reading scoped package data from F:\My Documents\0 Projects (Web Dev)\fccnwa\Meeting-App\node_modules\superagent-oauth\package.json
150 verbose installManyTop reading scoped package data from F:\My Documents\0 Projects (Web Dev)\fccnwa\Meeting-App\node_modules\supports-color\package.json
151 verbose installManyTop reading scoped package data from F:\My Documents\0 Projects (Web Dev)\fccnwa\Meeting-App\node_modules\through\package.json
152 verbose installManyTop reading scoped package data from F:\My Documents\0 Projects (Web Dev)\fccnwa\Meeting-App\node_modules\through2\package.json
153 verbose installManyTop reading scoped package data from F:\My Documents\0 Projects (Web Dev)\fccnwa\Meeting-App\node_modules\tough-cookie\package.json
154 verbose installManyTop reading scoped package data from F:\My Documents\0 Projects (Web Dev)\fccnwa\Meeting-App\node_modules\transformers\package.json
155 verbose installManyTop reading scoped package data from F:\My Documents\0 Projects (Web Dev)\fccnwa\Meeting-App\node_modules\tunnel-agent\package.json
156 verbose installManyTop reading scoped package data from F:\My Documents\0 Projects (Web Dev)\fccnwa\Meeting-App\node_modules\tweetnacl\package.json
157 verbose installManyTop reading scoped package data from F:\My Documents\0 Projects (Web Dev)\fccnwa\Meeting-App\node_modules\type-is\package.json
158 verbose installManyTop reading scoped package data from F:\My Documents\0 Projects (Web Dev)\fccnwa\Meeting-App\node_modules\uglify-js\package.json
159 verbose installManyTop reading scoped package data from F:\My Documents\0 Projects (Web Dev)\fccnwa\Meeting-App\node_modules\uglify-to-browserify\package.json
160 verbose installManyTop reading scoped package data from F:\My Documents\0 Projects (Web Dev)\fccnwa\Meeting-App\node_modules\ultron\package.json
161 verbose installManyTop reading scoped package data from F:\My Documents\0 Projects (Web Dev)\fccnwa\Meeting-App\node_modules\underscore\package.json
162 verbose installManyTop reading scoped package data from F:\My Documents\0 Projects (Web Dev)\fccnwa\Meeting-App\node_modules\unpipe\package.json
163 verbose installManyTop reading scoped package data from F:\My Documents\0 Projects (Web Dev)\fccnwa\Meeting-App\node_modules\utf-8-validate\package.json
164 verbose installManyTop reading scoped package data from F:\My Documents\0 Projects (Web Dev)\fccnwa\Meeting-App\node_modules\util-deprecate\package.json
165 verbose installManyTop reading scoped package data from F:\My Documents\0 Projects (Web Dev)\fccnwa\Meeting-App\node_modules\verror\package.json
166 verbose installManyTop reading scoped package data from F:\My Documents\0 Projects (Web Dev)\fccnwa\Meeting-App\node_modules\void-elements\package.json
167 verbose installManyTop reading scoped package data from F:\My Documents\0 Projects (Web Dev)\fccnwa\Meeting-App\node_modules\websocket-stream\package.json
168 verbose installManyTop reading scoped package data from F:\My Documents\0 Projects (Web Dev)\fccnwa\Meeting-App\node_modules\window-size\package.json
169 verbose installManyTop reading scoped package data from F:\My Documents\0 Projects (Web Dev)\fccnwa\Meeting-App\node_modules\with\package.json
170 verbose installManyTop reading scoped package data from F:\My Documents\0 Projects (Web Dev)\fccnwa\Meeting-App\node_modules\wordwrap\package.json
171 verbose installManyTop reading scoped package data from F:\My Documents\0 Projects (Web Dev)\fccnwa\Meeting-App\node_modules\wrappy\package.json
172 verbose installManyTop reading scoped package data from F:\My Documents\0 Projects (Web Dev)\fccnwa\Meeting-App\node_modules\ws\package.json
173 verbose installManyTop reading scoped package data from F:\My Documents\0 Projects (Web Dev)\fccnwa\Meeting-App\node_modules\xtend\package.json
174 verbose installManyTop reading scoped package data from F:\My Documents\0 Projects (Web Dev)\fccnwa\Meeting-App\node_modules\yargs\package.json
175 info package.json asap@1.0.0 No repository field.
176 info package.json asap@1.0.0 No license field.
177 info package.json assert-plus@0.1.5 No license field.
178 info package.json async@0.2.10 No license field.
179 info package.json combined-stream@0.0.7 No license field.
180 info package.json component-emitter@1.1.2 No license field.
181 info package.json css@1.0.8 No repository field.
182 info package.json css@1.0.8 No license field.
183 info package.json css-stringify@1.0.5 No repository field.
184 info package.json css-stringify@1.0.5 No license field.
185 info package.json css-parse@1.0.4 No repository field.
186 info package.json css-parse@1.0.4 No license field.
187 info package.json delayed-stream@0.0.5 No license field.
188 info package.json duplexer@0.1.1 No license field.
189 info package.json extend@1.2.1 No license field.
190 info package.json extsprintf@1.0.2 No license field.
191 info package.json form-data@0.2.0 No license field.
192 info package.json formidable@1.0.14 No license field.
193 info package.json jquery@1.11.3 No license field.
194 info package.json json-schema@0.2.2 No license field.
195 info package.json jsbn@0.1.0 license should be a valid SPDX license expression
196 info package.json longest@1.0.1 license should be a valid SPDX license expression
197 info package.json map-stream@0.1.0 No license field.
198 info package.json mime@1.3.4 No license field.
199 info package.json ms@0.7.1 No license field.
200 info package.json node-uuid@1.4.7 No license field.
201 info package.json oauth@0.9.14 No license field.
202 info package.json optimist@0.3.7 license should be a valid SPDX license expression
203 info package.json options@0.0.6 No license field.
204 info package.json pause-stream@0.0.11 license should be a valid SPDX license expression
205 info package.json q@0.9.7 license should be a valid SPDX license expression
206 info package.json repeat-string@1.5.2 license should be a valid SPDX license expression
207 info package.json reduce-component@1.0.1 license should be a valid SPDX license expression
208 info package.json sntp@1.0.9 No license field.
209 info package.json string_decoder@0.10.31 string_decoder is also the name of a node core module.
210 info package.json superagent-oauth@0.2.3 No license field.
211 info package.json underscore@1.4.4 No license field.
212 info package.json verror@1.3.6 No license field.
213 info package.json window-size@0.1.0 No license field.
214 verbose readDependencies loading dependencies from F:\My Documents\0 Projects (Web Dev)\fccnwa\Meeting-App\package.json
215 verbose targetResolver reading package data from F:\My Documents\0 Projects (Web Dev)\fccnwa\Meeting-App\node_modules\JSONStream\package.json
216 verbose targetResolver reading package data from F:\My Documents\0 Projects (Web Dev)\fccnwa\Meeting-App\node_modules\acorn\package.json
217 verbose targetResolver reading package data from F:\My Documents\0 Projects (Web Dev)\fccnwa\Meeting-App\node_modules\acorn-globals\package.json
218 verbose targetResolver reading package data from F:\My Documents\0 Projects (Web Dev)\fccnwa\Meeting-App\node_modules\align-text\package.json
219 verbose targetResolver reading package data from F:\My Documents\0 Projects (Web Dev)\fccnwa\Meeting-App\node_modules\amdefine\package.json
220 verbose targetResolver reading package data from F:\My Documents\0 Projects (Web Dev)\fccnwa\Meeting-App\node_modules\ansi-regex\package.json
221 verbose targetResolver reading package data from F:\My Documents\0 Projects (Web Dev)\fccnwa\Meeting-App\node_modules\ansi-styles\package.json
222 verbose targetResolver reading package data from F:\My Documents\0 Projects (Web Dev)\fccnwa\Meeting-App\node_modules\asap\package.json
223 verbose targetResolver reading package data from F:\My Documents\0 Projects (Web Dev)\fccnwa\Meeting-App\node_modules\asn1\package.json
224 verbose targetResolver reading package data from F:\My Documents\0 Projects (Web Dev)\fccnwa\Meeting-App\node_modules\assert-plus\package.json
225 verbose targetResolver reading package data from F:\My Documents\0 Projects (Web Dev)\fccnwa\Meeting-App\node_modules\async\package.json
226 verbose targetResolver reading package data from F:\My Documents\0 Projects (Web Dev)\fccnwa\Meeting-App\node_modules\aws-sign2\package.json
227 verbose targetResolver reading package data from F:\My Documents\0 Projects (Web Dev)\fccnwa\Meeting-App\node_modules\basic-auth\package.json
228 verbose targetResolver reading package data from F:\My Documents\0 Projects (Web Dev)\fccnwa\Meeting-App\node_modules\bindings\package.json
229 verbose targetResolver reading package data from F:\My Documents\0 Projects (Web Dev)\fccnwa\Meeting-App\node_modules\bl\package.json
230 verbose targetResolver reading package data from F:\My Documents\0 Projects (Web Dev)\fccnwa\Meeting-App\node_modules\body-parser\package.json
231 verbose targetResolver reading package data from F:\My Documents\0 Projects (Web Dev)\fccnwa\Meeting-App\node_modules\boom\package.json
232 verbose targetResolver reading package data from F:\My Documents\0 Projects (Web Dev)\fccnwa\Meeting-App\node_modules\bufferutil\package.json
233 verbose targetResolver reading package data from F:\My Documents\0 Projects (Web Dev)\fccnwa\Meeting-App\node_modules\bytes\package.json
234 verbose targetResolver reading package data from F:\My Documents\0 Projects (Web Dev)\fccnwa\Meeting-App\node_modules\camelcase\package.json
235 verbose targetResolver reading package data from F:\My Documents\0 Projects (Web Dev)\fccnwa\Meeting-App\node_modules\caseless\package.json
236 verbose targetResolver reading package data from F:\My Documents\0 Projects (Web Dev)\fccnwa\Meeting-App\node_modules\center-align\package.json
237 verbose targetResolver reading package data from F:\My Documents\0 Projects (Web Dev)\fccnwa\Meeting-App\node_modules\chalk\package.json
238 verbose targetResolver reading package data from F:\My Documents\0 Projects (Web Dev)\fccnwa\Meeting-App\node_modules\character-parser\package.json
239 verbose targetResolver reading package data from F:\My Documents\0 Projects (Web Dev)\fccnwa\Meeting-App\node_modules\clean-css\package.json
240 verbose targetResolver reading package data from F:\My Documents\0 Projects (Web Dev)\fccnwa\Meeting-App\node_modules\cliui\package.json
241 verbose targetResolver reading package data from F:\My Documents\0 Projects (Web Dev)\fccnwa\Meeting-App\node_modules\combined-stream\package.json
242 verbose targetResolver reading package data from F:\My Documents\0 Projects (Web Dev)\fccnwa\Meeting-App\node_modules\commander\package.json
243 verbose targetResolver reading package data from F:\My Documents\0 Projects (Web Dev)\fccnwa\Meeting-App\node_modules\component-emitter\package.json
244 verbose targetResolver reading package data from F:\My Documents\0 Projects (Web Dev)\fccnwa\Meeting-App\node_modules\constantinople\package.json
245 verbose targetResolver reading package data from F:\My Documents\0 Projects (Web Dev)\fccnwa\Meeting-App\node_modules\content-type\package.json
246 verbose targetResolver reading package data from F:\My Documents\0 Projects (Web Dev)\fccnwa\Meeting-App\node_modules\cookie\package.json
247 verbose targetResolver reading package data from F:\My Documents\0 Projects (Web Dev)\fccnwa\Meeting-App\node_modules\cookie-parser\package.json
248 verbose targetResolver reading package data from F:\My Documents\0 Projects (Web Dev)\fccnwa\Meeting-App\node_modules\cookie-signature\package.json
249 verbose targetResolver reading package data from F:\My Documents\0 Projects (Web Dev)\fccnwa\Meeting-App\node_modules\cookiejar\package.json
250 verbose targetResolver reading package data from F:\My Documents\0 Projects (Web Dev)\fccnwa\Meeting-App\node_modules\core-util-is\package.json
251 verbose targetResolver reading package data from F:\My Documents\0 Projects (Web Dev)\fccnwa\Meeting-App\node_modules\cryptiles\package.json
252 verbose targetResolver reading package data from F:\My Documents\0 Projects (Web Dev)\fccnwa\Meeting-App\node_modules\css\package.json
253 verbose targetResolver reading package data from F:\My Documents\0 Projects (Web Dev)\fccnwa\Meeting-App\node_modules\css-parse\package.json
254 verbose targetResolver reading package data from F:\My Documents\0 Projects (Web Dev)\fccnwa\Meeting-App\node_modules\css-stringify\package.json
255 verbose targetResolver reading package data from F:\My Documents\0 Projects (Web Dev)\fccnwa\Meeting-App\node_modules\dashdash\package.json
256 verbose targetResolver reading package data from F:\My Documents\0 Projects (Web Dev)\fccnwa\Meeting-App\node_modules\debug\package.json
257 verbose targetResolver reading package data from F:\My Documents\0 Projects (Web Dev)\fccnwa\Meeting-App\node_modules\decamelize\package.json
258 verbose targetResolver reading package data from F:\My Documents\0 Projects (Web Dev)\fccnwa\Meeting-App\node_modules\delayed-stream\package.json
259 verbose targetResolver reading package data from F:\My Documents\0 Projects (Web Dev)\fccnwa\Meeting-App\node_modules\depd\package.json
260 verbose targetResolver reading package data from F:\My Documents\0 Projects (Web Dev)\fccnwa\Meeting-App\node_modules\duplexer\package.json
261 verbose targetResolver reading package data from F:\My Documents\0 Projects (Web Dev)\fccnwa\Meeting-App\node_modules\duplexify\package.json
262 verbose targetResolver reading package data from F:\My Documents\0 Projects (Web Dev)\fccnwa\Meeting-App\node_modules\ecc-jsbn\package.json
263 verbose targetResolver reading package data from F:\My Documents\0 Projects (Web Dev)\fccnwa\Meeting-App\node_modules\ee-first\package.json
264 verbose targetResolver reading package data from F:\My Documents\0 Projects (Web Dev)\fccnwa\Meeting-App\node_modules\end-of-stream\package.json
265 verbose targetResolver reading package data from F:\My Documents\0 Projects (Web Dev)\fccnwa\Meeting-App\node_modules\escape-string-regexp\package.json
266 verbose targetResolver reading package data from F:\My Documents\0 Projects (Web Dev)\fccnwa\Meeting-App\node_modules\etag\package.json
267 verbose targetResolver reading package data from F:\My Documents\0 Projects (Web Dev)\fccnwa\Meeting-App\node_modules\event-stream\package.json
268 verbose targetResolver reading package data from F:\My Documents\0 Projects (Web Dev)\fccnwa\Meeting-App\node_modules\express\package.json
269 verbose targetResolver reading package data from F:\My Documents\0 Projects (Web Dev)\fccnwa\Meeting-App\node_modules\extend\package.json
270 verbose targetResolver reading package data from F:\My Documents\0 Projects (Web Dev)\fccnwa\Meeting-App\node_modules\extsprintf\package.json
271 verbose targetResolver reading package data from F:\My Documents\0 Projects (Web Dev)\fccnwa\Meeting-App\node_modules\forever-agent\package.json
272 verbose targetResolver reading package data from F:\My Documents\0 Projects (Web Dev)\fccnwa\Meeting-App\node_modules\form-data\package.json
273 verbose targetResolver reading package data from F:\My Documents\0 Projects (Web Dev)\fccnwa\Meeting-App\node_modules\formidable\package.json
274 verbose targetResolver reading package data from F:\My Documents\0 Projects (Web Dev)\fccnwa\Meeting-App\node_modules\fresh\package.json
275 verbose targetResolver reading package data from F:\My Documents\0 Projects (Web Dev)\fccnwa\Meeting-App\node_modules\from\package.json
276 verbose targetResolver reading package data from F:\My Documents\0 Projects (Web Dev)\fccnwa\Meeting-App\node_modules\generate-function\package.json
277 verbose targetResolver reading package data from F:\My Documents\0 Projects (Web Dev)\fccnwa\Meeting-App\node_modules\generate-object-property\package.json
278 verbose targetResolver reading package data from F:\My Documents\0 Projects (Web Dev)\fccnwa\Meeting-App\node_modules\graceful-readlink\package.json
279 verbose targetResolver reading package data from F:\My Documents\0 Projects (Web Dev)\fccnwa\Meeting-App\node_modules\har-validator\package.json
280 verbose targetResolver reading package data from F:\My Documents\0 Projects (Web Dev)\fccnwa\Meeting-App\node_modules\has-ansi\package.json
281 verbose targetResolver reading package data from F:\My Documents\0 Projects (Web Dev)\fccnwa\Meeting-App\node_modules\hawk\package.json
282 verbose targetResolver reading package data from F:\My Documents\0 Projects (Web Dev)\fccnwa\Meeting-App\node_modules\hoek\package.json
283 verbose targetResolver reading package data from F:\My Documents\0 Projects (Web Dev)\fccnwa\Meeting-App\node_modules\http-errors\package.json
284 verbose targetResolver reading package data from F:\My Documents\0 Projects (Web Dev)\fccnwa\Meeting-App\node_modules\http-signature\package.json
285 verbose targetResolver reading package data from F:\My Documents\0 Projects (Web Dev)\fccnwa\Meeting-App\node_modules\iconv-lite\package.json
286 verbose targetResolver reading package data from F:\My Documents\0 Projects (Web Dev)\fccnwa\Meeting-App\node_modules\inherits\package.json
287 verbose targetResolver reading package data from F:\My Documents\0 Projects (Web Dev)\fccnwa\Meeting-App\node_modules\is-buffer\package.json
288 verbose targetResolver reading package data from F:\My Documents\0 Projects (Web Dev)\fccnwa\Meeting-App\node_modules\is-my-json-valid\package.json
289 verbose targetResolver reading package data from F:\My Documents\0 Projects (Web Dev)\fccnwa\Meeting-App\node_modules\is-promise\package.json
290 verbose targetResolver reading package data from F:\My Documents\0 Projects (Web Dev)\fccnwa\Meeting-App\node_modules\is-property\package.json
291 verbose targetResolver reading package data from F:\My Documents\0 Projects (Web Dev)\fccnwa\Meeting-App\node_modules\is-typedarray\package.json
292 verbose targetResolver reading package data from F:\My Documents\0 Projects (Web Dev)\fccnwa\Meeting-App\node_modules\isarray\package.json
293 verbose targetResolver reading package data from F:\My Documents\0 Projects (Web Dev)\fccnwa\Meeting-App\node_modules\isstream\package.json
294 verbose targetResolver reading package data from F:\My Documents\0 Projects (Web Dev)\fccnwa\Meeting-App\node_modules\jade\package.json
295 verbose targetResolver reading package data from F:\My Documents\0 Projects (Web Dev)\fccnwa\Meeting-App\node_modules\jodid25519\package.json
296 verbose targetResolver reading package data from F:\My Documents\0 Projects (Web Dev)\fccnwa\Meeting-App\node_modules\jquery\package.json
297 verbose targetResolver reading package data from F:\My Documents\0 Projects (Web Dev)\fccnwa\Meeting-App\node_modules\jsbn\package.json
298 verbose targetResolver reading package data from F:\My Documents\0 Projects (Web Dev)\fccnwa\Meeting-App\node_modules\json-schema\package.json
299 verbose targetResolver reading package data from F:\My Documents\0 Projects (Web Dev)\fccnwa\Meeting-App\node_modules\json-stringify-safe\package.json
300 verbose targetResolver reading package data from F:\My Documents\0 Projects (Web Dev)\fccnwa\Meeting-App\node_modules\jsonparse\package.json
301 verbose targetResolver reading package data from F:\My Documents\0 Projects (Web Dev)\fccnwa\Meeting-App\node_modules\jsonpointer\package.json
302 verbose targetResolver reading package data from F:\My Documents\0 Projects (Web Dev)\fccnwa\Meeting-App\node_modules\jsprim\package.json
303 verbose targetResolver reading package data from F:\My Documents\0 Projects (Web Dev)\fccnwa\Meeting-App\node_modules\jstransformer\package.json
304 verbose targetResolver reading package data from F:\My Documents\0 Projects (Web Dev)\fccnwa\Meeting-App\node_modules\kind-of\package.json
305 verbose targetResolver reading package data from F:\My Documents\0 Projects (Web Dev)\fccnwa\Meeting-App\node_modules\lazy-cache\package.json
306 verbose targetResolver reading package data from F:\My Documents\0 Projects (Web Dev)\fccnwa\Meeting-App\node_modules\longest\package.json
307 verbose targetResolver reading package data from F:\My Documents\0 Projects (Web Dev)\fccnwa\Meeting-App\node_modules\map-stream\package.json
308 verbose targetResolver reading package data from F:\My Documents\0 Projects (Web Dev)\fccnwa\Meeting-App\node_modules\media-typer\package.json
309 verbose targetResolver reading package data from F:\My Documents\0 Projects (Web Dev)\fccnwa\Meeting-App\node_modules\meetup-api\package.json
310 verbose targetResolver reading package data from F:\My Documents\0 Projects (Web Dev)\fccnwa\Meeting-App\node_modules\methods\package.json
311 verbose targetResolver reading package data from F:\My Documents\0 Projects (Web Dev)\fccnwa\Meeting-App\node_modules\mime\package.json
312 verbose targetResolver reading package data from F:\My Documents\0 Projects (Web Dev)\fccnwa\Meeting-App\node_modules\mime-db\package.json
313 verbose targetResolver reading package data from F:\My Documents\0 Projects (Web Dev)\fccnwa\Meeting-App\node_modules\mime-types\package.json
314 verbose targetResolver reading package data from F:\My Documents\0 Projects (Web Dev)\fccnwa\Meeting-App\node_modules\minimist\package.json
315 verbose targetResolver reading package data from F:\My Documents\0 Projects (Web Dev)\fccnwa\Meeting-App\node_modules\mkdirp\package.json
316 verbose targetResolver reading package data from F:\My Documents\0 Projects (Web Dev)\fccnwa\Meeting-App\node_modules\morgan\package.json
317 verbose targetResolver reading package data from F:\My Documents\0 Projects (Web Dev)\fccnwa\Meeting-App\node_modules\ms\package.json
318 verbose targetResolver reading package data from F:\My Documents\0 Projects (Web Dev)\fccnwa\Meeting-App\node_modules\nan\package.json
319 verbose targetResolver reading package data from F:\My Documents\0 Projects (Web Dev)\fccnwa\Meeting-App\node_modules\node-uuid\package.json
320 verbose targetResolver reading package data from F:\My Documents\0 Projects (Web Dev)\fccnwa\Meeting-App\node_modules\oauth\package.json
321 verbose targetResolver reading package data from F:\My Documents\0 Projects (Web Dev)\fccnwa\Meeting-App\node_modules\oauth-sign\package.json
322 verbose targetResolver reading package data from F:\My Documents\0 Projects (Web Dev)\fccnwa\Meeting-App\node_modules\on-finished\package.json
323 verbose targetResolver reading package data from F:\My Documents\0 Projects (Web Dev)\fccnwa\Meeting-App\node_modules\on-headers\package.json
324 verbose targetResolver reading package data from F:\My Documents\0 Projects (Web Dev)\fccnwa\Meeting-App\node_modules\once\package.json
325 verbose targetResolver reading package data from F:\My Documents\0 Projects (Web Dev)\fccnwa\Meeting-App\node_modules\optimist\package.json
326 verbose targetResolver reading package data from F:\My Documents\0 Projects (Web Dev)\fccnwa\Meeting-App\node_modules\options\package.json
327 verbose targetResolver reading package data from F:\My Documents\0 Projects (Web Dev)\fccnwa\Meeting-App\node_modules\parseurl\package.json
328 verbose targetResolver reading package data from F:\My Documents\0 Projects (Web Dev)\fccnwa\Meeting-App\node_modules\pause-stream\package.json
329 verbose targetResolver reading package data from F:\My Documents\0 Projects (Web Dev)\fccnwa\Meeting-App\node_modules\pinkie\package.json
330 verbose targetResolver reading package data from F:\My Documents\0 Projects (Web Dev)\fccnwa\Meeting-App\node_modules\pinkie-promise\package.json
331 verbose targetResolver reading package data from F:\My Documents\0 Projects (Web Dev)\fccnwa\Meeting-App\node_modules\process-nextick-args\package.json
332 verbose targetResolver reading package data from F:\My Documents\0 Projects (Web Dev)\fccnwa\Meeting-App\node_modules\promise\package.json
333 verbose targetResolver reading package data from F:\My Documents\0 Projects (Web Dev)\fccnwa\Meeting-App\node_modules\q\package.json
334 verbose targetResolver reading package data from F:\My Documents\0 Projects (Web Dev)\fccnwa\Meeting-App\node_modules\qs\package.json
335 verbose targetResolver reading package data from F:\My Documents\0 Projects (Web Dev)\fccnwa\Meeting-App\node_modules\raw-body\package.json
336 verbose targetResolver reading package data from F:\My Documents\0 Projects (Web Dev)\fccnwa\Meeting-App\node_modules\readable-stream\package.json
337 verbose targetResolver reading package data from F:\My Documents\0 Projects (Web Dev)\fccnwa\Meeting-App\node_modules\reduce-component\package.json
338 verbose targetResolver reading package data from F:\My Documents\0 Projects (Web Dev)\fccnwa\Meeting-App\node_modules\repeat-string\package.json
339 verbose targetResolver reading package data from F:\My Documents\0 Projects (Web Dev)\fccnwa\Meeting-App\node_modules\request\package.json
340 verbose targetResolver reading package data from F:\My Documents\0 Projects (Web Dev)\fccnwa\Meeting-App\node_modules\requestify\package.json
341 verbose targetResolver reading package data from F:\My Documents\0 Projects (Web Dev)\fccnwa\Meeting-App\node_modules\right-align\package.json
342 verbose targetResolver reading package data from F:\My Documents\0 Projects (Web Dev)\fccnwa\Meeting-App\node_modules\serve-favicon\package.json
343 verbose targetResolver reading package data from F:\My Documents\0 Projects (Web Dev)\fccnwa\Meeting-App\node_modules\sntp\package.json
344 verbose targetResolver reading package data from F:\My Documents\0 Projects (Web Dev)\fccnwa\Meeting-App\node_modules\source-map\package.json
345 verbose targetResolver reading package data from F:\My Documents\0 Projects (Web Dev)\fccnwa\Meeting-App\node_modules\split\package.json
346 verbose targetResolver reading package data from F:\My Documents\0 Projects (Web Dev)\fccnwa\Meeting-App\node_modules\sshpk\package.json
347 verbose targetResolver reading package data from F:\My Documents\0 Projects (Web Dev)\fccnwa\Meeting-App\node_modules\statuses\package.json
348 verbose targetResolver reading package data from F:\My Documents\0 Projects (Web Dev)\fccnwa\Meeting-App\node_modules\stream-combiner\package.json
349 verbose targetResolver reading package data from F:\My Documents\0 Projects (Web Dev)\fccnwa\Meeting-App\node_modules\string_decoder\package.json
350 verbose targetResolver reading package data from F:\My Documents\0 Projects (Web Dev)\fccnwa\Meeting-App\node_modules\stringstream\package.json
351 verbose targetResolver reading package data from F:\My Documents\0 Projects (Web Dev)\fccnwa\Meeting-App\node_modules\strip-ansi\package.json
352 verbose targetResolver reading package data from F:\My Documents\0 Projects (Web Dev)\fccnwa\Meeting-App\node_modules\superagent\package.json
353 verbose targetResolver reading package data from F:\My Documents\0 Projects (Web Dev)\fccnwa\Meeting-App\node_modules\superagent-oauth\package.json
354 verbose targetResolver reading package data from F:\My Documents\0 Projects (Web Dev)\fccnwa\Meeting-App\node_modules\supports-color\package.json
355 verbose targetResolver reading package data from F:\My Documents\0 Projects (Web Dev)\fccnwa\Meeting-App\node_modules\through\package.json
356 verbose targetResolver reading package data from F:\My Documents\0 Projects (Web Dev)\fccnwa\Meeting-App\node_modules\through2\package.json
357 verbose targetResolver reading package data from F:\My Documents\0 Projects (Web Dev)\fccnwa\Meeting-App\node_modules\tough-cookie\package.json
358 verbose targetResolver reading package data from F:\My Documents\0 Projects (Web Dev)\fccnwa\Meeting-App\node_modules\transformers\package.json
359 verbose targetResolver reading package data from F:\My Documents\0 Projects (Web Dev)\fccnwa\Meeting-App\node_modules\tunnel-agent\package.json
360 verbose targetResolver reading package data from F:\My Documents\0 Projects (Web Dev)\fccnwa\Meeting-App\node_modules\tweetnacl\package.json
361 verbose targetResolver reading package data from F:\My Documents\0 Projects (Web Dev)\fccnwa\Meeting-App\node_modules\type-is\package.json
362 verbose targetResolver reading package data from F:\My Documents\0 Projects (Web Dev)\fccnwa\Meeting-App\node_modules\uglify-js\package.json
363 verbose targetResolver reading package data from F:\My Documents\0 Projects (Web Dev)\fccnwa\Meeting-App\node_modules\uglify-to-browserify\package.json
364 verbose targetResolver reading package data from F:\My Documents\0 Projects (Web Dev)\fccnwa\Meeting-App\node_modules\ultron\package.json
365 verbose targetResolver reading package data from F:\My Documents\0 Projects (Web Dev)\fccnwa\Meeting-App\node_modules\underscore\package.json
366 verbose targetResolver reading package data from F:\My Documents\0 Projects (Web Dev)\fccnwa\Meeting-App\node_modules\unpipe\package.json
367 verbose targetResolver reading package data from F:\My Documents\0 Projects (Web Dev)\fccnwa\Meeting-App\node_modules\utf-8-validate\package.json
368 verbose targetResolver reading package data from F:\My Documents\0 Projects (Web Dev)\fccnwa\Meeting-App\node_modules\util-deprecate\package.json
369 verbose targetResolver reading package data from F:\My Documents\0 Projects (Web Dev)\fccnwa\Meeting-App\node_modules\verror\package.json
370 verbose targetResolver reading package data from F:\My Documents\0 Projects (Web Dev)\fccnwa\Meeting-App\node_modules\void-elements\package.json
371 verbose targetResolver reading package data from F:\My Documents\0 Projects (Web Dev)\fccnwa\Meeting-App\node_modules\websocket-stream\package.json
372 verbose targetResolver reading package data from F:\My Documents\0 Projects (Web Dev)\fccnwa\Meeting-App\node_modules\window-size\package.json
373 verbose targetResolver reading package data from F:\My Documents\0 Projects (Web Dev)\fccnwa\Meeting-App\node_modules\with\package.json
374 verbose targetResolver reading package data from F:\My Documents\0 Projects (Web Dev)\fccnwa\Meeting-App\node_modules\wordwrap\package.json
375 verbose targetResolver reading package data from F:\My Documents\0 Projects (Web Dev)\fccnwa\Meeting-App\node_modules\wrappy\package.json
376 verbose targetResolver reading package data from F:\My Documents\0 Projects (Web Dev)\fccnwa\Meeting-App\node_modules\ws\package.json
377 verbose targetResolver reading package data from F:\My Documents\0 Projects (Web Dev)\fccnwa\Meeting-App\node_modules\xtend\package.json
378 verbose targetResolver reading package data from F:\My Documents\0 Projects (Web Dev)\fccnwa\Meeting-App\node_modules\yargs\package.json
379 verbose targetResolver reading package data from F:\My Documents\0 Projects (Web Dev)\fccnwa\Meeting-App\node_modules\.bin\JSONStream\package.json
380 verbose targetResolver reading package data from F:\My Documents\0 Projects (Web Dev)\fccnwa\Meeting-App\node_modules\.bin\acorn\package.json
381 verbose targetResolver reading package data from F:\My Documents\0 Projects (Web Dev)\fccnwa\Meeting-App\node_modules\.bin\acorn.cmd\package.json
382 verbose targetResolver reading package data from F:\My Documents\0 Projects (Web Dev)\fccnwa\Meeting-App\node_modules\.bin\cleancss\package.json
383 verbose targetResolver reading package data from F:\My Documents\0 Projects (Web Dev)\fccnwa\Meeting-App\node_modules\.bin\cleancss.cmd\package.json
384 verbose targetResolver reading package data from F:\My Documents\0 Projects (Web Dev)\fccnwa\Meeting-App\node_modules\.bin\har-validator\package.json
385 verbose targetResolver reading package data from F:\My Documents\0 Projects (Web Dev)\fccnwa\Meeting-App\node_modules\.bin\jade\package.json
386 verbose targetResolver reading package data from F:\My Documents\0 Projects (Web Dev)\fccnwa\Meeting-App\node_modules\.bin\mime\package.json
387 verbose targetResolver reading package data from F:\My Documents\0 Projects (Web Dev)\fccnwa\Meeting-App\node_modules\.bin\mkdirp\package.json
388 verbose targetResolver reading package data from F:\My Documents\0 Projects (Web Dev)\fccnwa\Meeting-App\node_modules\.bin\mkdirp.cmd\package.json
389 verbose targetResolver reading package data from F:\My Documents\0 Projects (Web Dev)\fccnwa\Meeting-App\node_modules\.bin\sshpk-conv\package.json
390 verbose targetResolver reading package data from F:\My Documents\0 Projects (Web Dev)\fccnwa\Meeting-App\node_modules\.bin\uglifyjs\package.json
391 verbose targetResolver reading package data from F:\My Documents\0 Projects (Web Dev)\fccnwa\Meeting-App\node_modules\.bin\uglifyjs.cmd\package.json
392 verbose targetResolver reading package data from F:\My Documents\0 Projects (Web Dev)\fccnwa\Meeting-App\node_modules\.bin\uuid\package.json
393 verbose already installed skipping debug@~2.2.0 F:\My Documents\0 Projects (Web Dev)\fccnwa\Meeting-App
394 verbose already installed skipping express@~4.13.1 F:\My Documents\0 Projects (Web Dev)\fccnwa\Meeting-App
395 verbose already installed skipping jade@~1.11.0 F:\My Documents\0 Projects (Web Dev)\fccnwa\Meeting-App
396 verbose already installed skipping meetup-api@^1.3.4 F:\My Documents\0 Projects (Web Dev)\fccnwa\Meeting-App
397 verbose already installed skipping morgan@~1.6.1 F:\My Documents\0 Projects (Web Dev)\fccnwa\Meeting-App
398 verbose already installed skipping request@^2.67.0 F:\My Documents\0 Projects (Web Dev)\fccnwa\Meeting-App
399 verbose already installed skipping serve-favicon@~2.3.0 F:\My Documents\0 Projects (Web Dev)\fccnwa\Meeting-App
400 verbose already installed skipping body-parser@~1.13.2 F:\My Documents\0 Projects (Web Dev)\fccnwa\Meeting-App
401 verbose already installed skipping cookie-parser@~1.3.5 F:\My Documents\0 Projects (Web Dev)\fccnwa\Meeting-App
402 silly install resolved []
403 info build F:\My Documents\0 Projects (Web Dev)\fccnwa\Meeting-App
404 info linkStuff Meeting-App@0.0.1
405 silly linkStuff Meeting-App@0.0.1 has F:\My Documents\0 Projects (Web Dev)\fccnwa as its parent node_modules
406 verbose linkBins Meeting-App@0.0.1
407 verbose linkMans Meeting-App@0.0.1
408 verbose rebuildBundles Meeting-App@0.0.1
409 verbose rebuildBundles [ '.bin',
409 verbose rebuildBundles   'JSONStream',
409 verbose rebuildBundles   'acorn',
409 verbose rebuildBundles   'acorn-globals',
409 verbose rebuildBundles   'align-text',
409 verbose rebuildBundles   'amdefine',
409 verbose rebuildBundles   'ansi-regex',
409 verbose rebuildBundles   'ansi-styles',
409 verbose rebuildBundles   'asap',
409 verbose rebuildBundles   'asn1',
409 verbose rebuildBundles   'assert-plus',
409 verbose rebuildBundles   'async',
409 verbose rebuildBundles   'aws-sign2',
409 verbose rebuildBundles   'basic-auth',
409 verbose rebuildBundles   'bindings',
409 verbose rebuildBundles   'bl',
409 verbose rebuildBundles   'body-parser',
409 verbose rebuildBundles   'boom',
409 verbose rebuildBundles   'bufferutil',
409 verbose rebuildBundles   'bytes',
409 verbose rebuildBundles   'camelcase',
409 verbose rebuildBundles   'caseless',
409 verbose rebuildBundles   'center-align',
409 verbose rebuildBundles   'chalk',
409 verbose rebuildBundles   'character-parser',
409 verbose rebuildBundles   'clean-css',
409 verbose rebuildBundles   'cliui',
409 verbose rebuildBundles   'combined-stream',
409 verbose rebuildBundles   'commander',
409 verbose rebuildBundles   'component-emitter',
409 verbose rebuildBundles   'constantinople',
409 verbose rebuildBundles   'content-type',
409 verbose rebuildBundles   'cookie',
409 verbose rebuildBundles   'cookie-parser',
409 verbose rebuildBundles   'cookie-signature',
409 verbose rebuildBundles   'cookiejar',
409 verbose rebuildBundles   'core-util-is',
409 verbose rebuildBundles   'cryptiles',
409 verbose rebuildBundles   'css',
409 verbose rebuildBundles   'css-parse',
409 verbose rebuildBundles   'css-stringify',
409 verbose rebuildBundles   'dashdash',
409 verbose rebuildBundles   'debug',
409 verbose rebuildBundles   'decamelize',
409 verbose rebuildBundles   'delayed-stream',
409 verbose rebuildBundles   'depd',
409 verbose rebuildBundles   'duplexer',
409 verbose rebuildBundles   'duplexify',
409 verbose rebuildBundles   'ecc-jsbn',
409 verbose rebuildBundles   'ee-first',
409 verbose rebuildBundles   'end-of-stream',
409 verbose rebuildBundles   'escape-string-regexp',
409 verbose rebuildBundles   'etag',
409 verbose rebuildBundles   'event-stream',
409 verbose rebuildBundles   'express',
409 verbose rebuildBundles   'extend',
409 verbose rebuildBundles   'extsprintf',
409 verbose rebuildBundles   'forever-agent',
409 verbose rebuildBundles   'form-data',
409 verbose rebuildBundles   'formidable',
409 verbose rebuildBundles   'fresh',
409 verbose rebuildBundles   'from',
409 verbose rebuildBundles   'generate-function',
409 verbose rebuildBundles   'generate-object-property',
409 verbose rebuildBundles   'graceful-readlink',
409 verbose rebuildBundles   'har-validator',
409 verbose rebuildBundles   'has-ansi',
409 verbose rebuildBundles   'hawk',
409 verbose rebuildBundles   'hoek',
409 verbose rebuildBundles   'http-errors',
409 verbose rebuildBundles   'http-signature',
409 verbose rebuildBundles   'iconv-lite',
409 verbose rebuildBundles   'inherits',
409 verbose rebuildBundles   'is-buffer',
409 verbose rebuildBundles   'is-my-json-valid',
409 verbose rebuildBundles   'is-promise',
409 verbose rebuildBundles   'is-property',
409 verbose rebuildBundles   'is-typedarray',
409 verbose rebuildBundles   'isarray',
409 verbose rebuildBundles   'isstream',
409 verbose rebuildBundles   'jade',
409 verbose rebuildBundles   'jodid25519',
409 verbose rebuildBundles   'jquery',
409 verbose rebuildBundles   'jsbn',
409 verbose rebuildBundles   'json-schema',
409 verbose rebuildBundles   'json-stringify-safe',
409 verbose rebuildBundles   'jsonparse',
409 verbose rebuildBundles   'jsonpointer',
409 verbose rebuildBundles   'jsprim',
409 verbose rebuildBundles   'jstransformer',
409 verbose rebuildBundles   'kind-of',
409 verbose rebuildBundles   'lazy-cache',
409 verbose rebuildBundles   'longest',
409 verbose rebuildBundles   'map-stream',
409 verbose rebuildBundles   'media-typer',
409 verbose rebuildBundles   'meetup-api',
409 verbose rebuildBundles   'methods',
409 verbose rebuildBundles   'mime',
409 verbose rebuildBundles   'mime-db',
409 verbose rebuildBundles   'mime-types',
409 verbose rebuildBundles   'minimist',
409 verbose rebuildBundles   'mkdirp',
409 verbose rebuildBundles   'morgan',
409 verbose rebuildBundles   'ms',
409 verbose rebuildBundles   'nan',
409 verbose rebuildBundles   'node-uuid',
409 verbose rebuildBundles   'oauth',
409 verbose rebuildBundles   'oauth-sign',
409 verbose rebuildBundles   'on-finished',
409 verbose rebuildBundles   'on-headers',
409 verbose rebuildBundles   'once',
409 verbose rebuildBundles   'optimist',
409 verbose rebuildBundles   'options',
409 verbose rebuildBundles   'parseurl',
409 verbose rebuildBundles   'pause-stream',
409 verbose rebuildBundles   'pinkie',
409 verbose rebuildBundles   'pinkie-promise',
409 verbose rebuildBundles   'process-nextick-args',
409 verbose rebuildBundles   'promise',
409 verbose rebuildBundles   'q',
409 verbose rebuildBundles   'qs',
409 verbose rebuildBundles   'raw-body',
409 verbose rebuildBundles   'readable-stream',
409 verbose rebuildBundles   'reduce-component',
409 verbose rebuildBundles   'repeat-string',
409 verbose rebuildBundles   'request',
409 verbose rebuildBundles   'requestify',
409 verbose rebuildBundles   'right-align',
409 verbose rebuildBundles   'serve-favicon',
409 verbose rebuildBundles   'sntp',
409 verbose rebuildBundles   'source-map',
409 verbose rebuildBundles   'split',
409 verbose rebuildBundles   'sshpk',
409 verbose rebuildBundles   'statuses',
409 verbose rebuildBundles   'stream-combiner',
409 verbose rebuildBundles   'string_decoder',
409 verbose rebuildBundles   'stringstream',
409 verbose rebuildBundles   'strip-ansi',
409 verbose rebuildBundles   'superagent',
409 verbose rebuildBundles   'superagent-oauth',
409 verbose rebuildBundles   'supports-color',
409 verbose rebuildBundles   'through',
409 verbose rebuildBundles   'through2',
409 verbose rebuildBundles   'tough-cookie',
409 verbose rebuildBundles   'transformers',
409 verbose rebuildBundles   'tunnel-agent',
409 verbose rebuildBundles   'tweetnacl',
409 verbose rebuildBundles   'type-is',
409 verbose rebuildBundles   'uglify-js',
409 verbose rebuildBundles   'uglify-to-browserify',
409 verbose rebuildBundles   'ultron',
409 verbose rebuildBundles   'underscore',
409 verbose rebuildBundles   'unpipe',
409 verbose rebuildBundles   'utf-8-validate',
409 verbose rebuildBundles   'util-deprecate',
409 verbose rebuildBundles   'verror',
409 verbose rebuildBundles   'void-elements',
409 verbose rebuildBundles   'websocket-stream',
409 verbose rebuildBundles   'window-size',
409 verbose rebuildBundles   'with',
409 verbose rebuildBundles   'wordwrap',
409 verbose rebuildBundles   'wrappy',
409 verbose rebuildBundles   'ws',
409 verbose rebuildBundles   'xtend',
409 verbose rebuildBundles   'yargs' ]
410 verbose rebuild bundle F:\My Documents\0 Projects (Web Dev)\fccnwa\Meeting-App\node_modules\JSONStream
411 info build F:\My Documents\0 Projects (Web Dev)\fccnwa\Meeting-App\node_modules\JSONStream
412 info preinstall JSONStream@1.0.7
413 info linkStuff JSONStream@1.0.7
414 silly linkStuff JSONStream@1.0.7 has F:\My Documents\0 Projects (Web Dev)\fccnwa\Meeting-App\node_modules as its parent node_modules
415 verbose linkBins JSONStream@1.0.7
416 verbose link bins [ { JSONStream: './index.js' },
416 verbose link bins   'F:\\My Documents\\0 Projects (Web Dev)\\fccnwa\\Meeting-App\\node_modules\\.bin',
416 verbose link bins   false ]
417 verbose linkMans JSONStream@1.0.7
418 verbose rebuildBundles JSONStream@1.0.7
419 info install JSONStream@1.0.7
420 info postinstall JSONStream@1.0.7
421 verbose rebuild bundle F:\My Documents\0 Projects (Web Dev)\fccnwa\Meeting-App\node_modules\acorn
422 info build F:\My Documents\0 Projects (Web Dev)\fccnwa\Meeting-App\node_modules\acorn
423 info preinstall acorn@2.6.4
424 info linkStuff acorn@2.6.4
425 silly linkStuff acorn@2.6.4 has F:\My Documents\0 Projects (Web Dev)\fccnwa\Meeting-App\node_modules as its parent node_modules
426 verbose linkBins acorn@2.6.4
427 verbose link bins [ { acorn: './bin/acorn' },
427 verbose link bins   'F:\\My Documents\\0 Projects (Web Dev)\\fccnwa\\Meeting-App\\node_modules\\.bin',
427 verbose link bins   false ]
428 verbose linkMans acorn@2.6.4
429 verbose rebuildBundles acorn@2.6.4
430 info install acorn@2.6.4
431 info postinstall acorn@2.6.4
432 verbose rebuild bundle F:\My Documents\0 Projects (Web Dev)\fccnwa\Meeting-App\node_modules\acorn-globals
433 info build F:\My Documents\0 Projects (Web Dev)\fccnwa\Meeting-App\node_modules\acorn-globals
434 info preinstall acorn-globals@1.0.9
435 info linkStuff acorn-globals@1.0.9
436 silly linkStuff acorn-globals@1.0.9 has F:\My Documents\0 Projects (Web Dev)\fccnwa\Meeting-App\node_modules as its parent node_modules
437 verbose linkBins acorn-globals@1.0.9
438 verbose linkMans acorn-globals@1.0.9
439 verbose rebuildBundles acorn-globals@1.0.9
440 info install acorn-globals@1.0.9
441 info postinstall acorn-globals@1.0.9
442 verbose rebuild bundle F:\My Documents\0 Projects (Web Dev)\fccnwa\Meeting-App\node_modules\align-text
443 info build F:\My Documents\0 Projects (Web Dev)\fccnwa\Meeting-App\node_modules\align-text
444 info preinstall align-text@0.1.3
445 info linkStuff align-text@0.1.3
446 silly linkStuff align-text@0.1.3 has F:\My Documents\0 Projects (Web Dev)\fccnwa\Meeting-App\node_modules as its parent node_modules
447 verbose linkBins align-text@0.1.3
448 verbose linkMans align-text@0.1.3
449 verbose rebuildBundles align-text@0.1.3
450 info install align-text@0.1.3
451 info postinstall align-text@0.1.3
452 verbose rebuild bundle F:\My Documents\0 Projects (Web Dev)\fccnwa\Meeting-App\node_modules\amdefine
453 info build F:\My Documents\0 Projects (Web Dev)\fccnwa\Meeting-App\node_modules\amdefine
454 info preinstall amdefine@1.0.0
455 info linkStuff amdefine@1.0.0
456 silly linkStuff amdefine@1.0.0 has F:\My Documents\0 Projects (Web Dev)\fccnwa\Meeting-App\node_modules as its parent node_modules
457 verbose linkBins amdefine@1.0.0
458 verbose linkMans amdefine@1.0.0
459 verbose rebuildBundles amdefine@1.0.0
460 info install amdefine@1.0.0
461 info postinstall amdefine@1.0.0
462 verbose rebuild bundle F:\My Documents\0 Projects (Web Dev)\fccnwa\Meeting-App\node_modules\ansi-regex
463 info build F:\My Documents\0 Projects (Web Dev)\fccnwa\Meeting-App\node_modules\ansi-regex
464 info preinstall ansi-regex@2.0.0
465 info linkStuff ansi-regex@2.0.0
466 silly linkStuff ansi-regex@2.0.0 has F:\My Documents\0 Projects (Web Dev)\fccnwa\Meeting-App\node_modules as its parent node_modules
467 verbose linkBins ansi-regex@2.0.0
468 verbose linkMans ansi-regex@2.0.0
469 verbose rebuildBundles ansi-regex@2.0.0
470 info install ansi-regex@2.0.0
471 info postinstall ansi-regex@2.0.0
472 verbose rebuild bundle F:\My Documents\0 Projects (Web Dev)\fccnwa\Meeting-App\node_modules\ansi-styles
473 info build F:\My Documents\0 Projects (Web Dev)\fccnwa\Meeting-App\node_modules\ansi-styles
474 info preinstall ansi-styles@2.1.0
475 info linkStuff ansi-styles@2.1.0
476 silly linkStuff ansi-styles@2.1.0 has F:\My Documents\0 Projects (Web Dev)\fccnwa\Meeting-App\node_modules as its parent node_modules
477 verbose linkBins ansi-styles@2.1.0
478 verbose linkMans ansi-styles@2.1.0
479 verbose rebuildBundles ansi-styles@2.1.0
480 info install ansi-styles@2.1.0
481 info postinstall ansi-styles@2.1.0
482 verbose rebuild bundle F:\My Documents\0 Projects (Web Dev)\fccnwa\Meeting-App\node_modules\asap
483 info build F:\My Documents\0 Projects (Web Dev)\fccnwa\Meeting-App\node_modules\asap
484 info preinstall asap@1.0.0
485 info linkStuff asap@1.0.0
486 silly linkStuff asap@1.0.0 has F:\My Documents\0 Projects (Web Dev)\fccnwa\Meeting-App\node_modules as its parent node_modules
487 verbose linkBins asap@1.0.0
488 verbose linkMans asap@1.0.0
489 verbose rebuildBundles asap@1.0.0
490 info install asap@1.0.0
491 info postinstall asap@1.0.0
492 verbose rebuild bundle F:\My Documents\0 Projects (Web Dev)\fccnwa\Meeting-App\node_modules\asn1
493 info build F:\My Documents\0 Projects (Web Dev)\fccnwa\Meeting-App\node_modules\asn1
494 info preinstall asn1@0.2.3
495 info linkStuff asn1@0.2.3
496 silly linkStuff asn1@0.2.3 has F:\My Documents\0 Projects (Web Dev)\fccnwa\Meeting-App\node_modules as its parent node_modules
497 verbose linkBins asn1@0.2.3
498 verbose linkMans asn1@0.2.3
499 verbose rebuildBundles asn1@0.2.3
500 info install asn1@0.2.3
501 info postinstall asn1@0.2.3
502 verbose rebuild bundle F:\My Documents\0 Projects (Web Dev)\fccnwa\Meeting-App\node_modules\assert-plus
503 info build F:\My Documents\0 Projects (Web Dev)\fccnwa\Meeting-App\node_modules\assert-plus
504 info preinstall assert-plus@0.1.5
505 info linkStuff assert-plus@0.1.5
506 silly linkStuff assert-plus@0.1.5 has F:\My Documents\0 Projects (Web Dev)\fccnwa\Meeting-App\node_modules as its parent node_modules
507 verbose linkBins assert-plus@0.1.5
508 verbose linkMans assert-plus@0.1.5
509 verbose rebuildBundles assert-plus@0.1.5
510 info install assert-plus@0.1.5
511 info postinstall assert-plus@0.1.5
512 verbose rebuild bundle F:\My Documents\0 Projects (Web Dev)\fccnwa\Meeting-App\node_modules\async
513 info build F:\My Documents\0 Projects (Web Dev)\fccnwa\Meeting-App\node_modules\async
514 info preinstall async@0.2.10
515 info linkStuff async@0.2.10
516 silly linkStuff async@0.2.10 has F:\My Documents\0 Projects (Web Dev)\fccnwa\Meeting-App\node_modules as its parent node_modules
517 verbose linkBins async@0.2.10
518 verbose linkMans async@0.2.10
519 verbose rebuildBundles async@0.2.10
520 info install async@0.2.10
521 info postinstall async@0.2.10
522 verbose rebuild bundle F:\My Documents\0 Projects (Web Dev)\fccnwa\Meeting-App\node_modules\aws-sign2
523 info build F:\My Documents\0 Projects (Web Dev)\fccnwa\Meeting-App\node_modules\aws-sign2
524 info preinstall aws-sign2@0.6.0
525 info linkStuff aws-sign2@0.6.0
526 silly linkStuff aws-sign2@0.6.0 has F:\My Documents\0 Projects (Web Dev)\fccnwa\Meeting-App\node_modules as its parent node_modules
527 verbose linkBins aws-sign2@0.6.0
528 verbose linkMans aws-sign2@0.6.0
529 verbose rebuildBundles aws-sign2@0.6.0
530 info install aws-sign2@0.6.0
531 info postinstall aws-sign2@0.6.0
532 verbose rebuild bundle F:\My Documents\0 Projects (Web Dev)\fccnwa\Meeting-App\node_modules\basic-auth
533 info build F:\My Documents\0 Projects (Web Dev)\fccnwa\Meeting-App\node_modules\basic-auth
534 info preinstall basic-auth@1.0.3
535 info linkStuff basic-auth@1.0.3
536 silly linkStuff basic-auth@1.0.3 has F:\My Documents\0 Projects (Web Dev)\fccnwa\Meeting-App\node_modules as its parent node_modules
537 verbose linkBins basic-auth@1.0.3
538 verbose linkMans basic-auth@1.0.3
539 verbose rebuildBundles basic-auth@1.0.3
540 info install basic-auth@1.0.3
541 info postinstall basic-auth@1.0.3
542 verbose rebuild bundle F:\My Documents\0 Projects (Web Dev)\fccnwa\Meeting-App\node_modules\bindings
543 info build F:\My Documents\0 Projects (Web Dev)\fccnwa\Meeting-App\node_modules\bindings
544 info preinstall bindings@1.2.1
545 info linkStuff bindings@1.2.1
546 silly linkStuff bindings@1.2.1 has F:\My Documents\0 Projects (Web Dev)\fccnwa\Meeting-App\node_modules as its parent node_modules
547 verbose linkBins bindings@1.2.1
548 verbose linkMans bindings@1.2.1
549 verbose rebuildBundles bindings@1.2.1
550 info install bindings@1.2.1
551 info postinstall bindings@1.2.1
552 verbose rebuild bundle F:\My Documents\0 Projects (Web Dev)\fccnwa\Meeting-App\node_modules\bl
553 info build F:\My Documents\0 Projects (Web Dev)\fccnwa\Meeting-App\node_modules\bl
554 info preinstall bl@1.0.0
555 info linkStuff bl@1.0.0
556 silly linkStuff bl@1.0.0 has F:\My Documents\0 Projects (Web Dev)\fccnwa\Meeting-App\node_modules as its parent node_modules
557 verbose linkBins bl@1.0.0
558 verbose linkMans bl@1.0.0
559 verbose rebuildBundles bl@1.0.0
560 verbose rebuildBundles [ 'readable-stream' ]
561 info install bl@1.0.0
562 info postinstall bl@1.0.0
563 verbose rebuild bundle F:\My Documents\0 Projects (Web Dev)\fccnwa\Meeting-App\node_modules\boom
564 info build F:\My Documents\0 Projects (Web Dev)\fccnwa\Meeting-App\node_modules\boom
565 info preinstall boom@2.10.1
566 info linkStuff boom@2.10.1
567 silly linkStuff boom@2.10.1 has F:\My Documents\0 Projects (Web Dev)\fccnwa\Meeting-App\node_modules as its parent node_modules
568 verbose linkBins boom@2.10.1
569 verbose linkMans boom@2.10.1
570 verbose rebuildBundles boom@2.10.1
571 info install boom@2.10.1
572 info postinstall boom@2.10.1
573 verbose rebuild bundle F:\My Documents\0 Projects (Web Dev)\fccnwa\Meeting-App\node_modules\bufferutil
574 info build F:\My Documents\0 Projects (Web Dev)\fccnwa\Meeting-App\node_modules\bufferutil
575 info preinstall bufferutil@1.2.1
576 info linkStuff bufferutil@1.2.1
577 silly linkStuff bufferutil@1.2.1 has F:\My Documents\0 Projects (Web Dev)\fccnwa\Meeting-App\node_modules as its parent node_modules
578 verbose linkBins bufferutil@1.2.1
579 verbose linkMans bufferutil@1.2.1
580 verbose rebuildBundles bufferutil@1.2.1
581 info install bufferutil@1.2.1
582 verbose unsafe-perm in lifecycle true
583 info bufferutil@1.2.1 Failed to exec install script
584 verbose stack Error: bufferutil@1.2.1 install: `node-gyp rebuild`
584 verbose stack Exit status 1
584 verbose stack     at EventEmitter.<anonymous> (D:\nodejs\node_modules\npm\lib\utils\lifecycle.js:214:16)
584 verbose stack     at emitTwo (events.js:87:13)
584 verbose stack     at EventEmitter.emit (events.js:172:7)
584 verbose stack     at ChildProcess.<anonymous> (D:\nodejs\node_modules\npm\lib\utils\spawn.js:24:14)
584 verbose stack     at emitTwo (events.js:87:13)
584 verbose stack     at ChildProcess.emit (events.js:172:7)
584 verbose stack     at maybeClose (internal/child_process.js:818:16)
584 verbose stack     at Process.ChildProcess._handle.onexit (internal/child_process.js:211:5)
585 verbose pkgid bufferutil@1.2.1
586 verbose cwd F:\My Documents\0 Projects (Web Dev)\fccnwa\Meeting-App
587 error Windows_NT 6.1.7601
588 error argv "D:\\nodejs\\node.exe" "D:\\nodejs\\node_modules\\npm\\bin\\npm-cli.js" "install"
589 error node v4.2.1
590 error npm  v2.14.7
591 error code ELIFECYCLE
592 error bufferutil@1.2.1 install: `node-gyp rebuild`
592 error Exit status 1
593 error Failed at the bufferutil@1.2.1 install script 'node-gyp rebuild'.
593 error This is most likely a problem with the bufferutil package,
593 error not with npm itself.
593 error Tell the author that this fails on your system:
593 error     node-gyp rebuild
593 error You can get their info via:
593 error     npm owner ls bufferutil
593 error There is likely additional logging output above.
594 verbose exit [ 1, true ]
